INFO:root:...MRC images reading complete
INFO:root:...MRC images reading complete
INFO:root:...Data reorganizing complete
INFO:root:...MRC images reading complete
INFO:root:...Data reorganizing complete
INFO:root:...MRC images reading complete
INFO:root:...Data reorganizing complete
INFO:root:...MRC images reading complete
INFO:root:...Data reorganizing complete
INFO:root:...MRC images reading complete
INFO:root:...Data reorganizing complete
INFO:root:...MRC images reading complete
INFO:root:...Data reorganizing complete
INFO:root:...MRC images reading complete
INFO:root:...Data reorganizing complete
INFO:root:...MRC images reading complete
INFO:root:...Data reorganizing complete
INFO:root:...MRC images reading complete
INFO:root:...Data reorganizing complete
INFO:root:...MRC images reading complete
INFO:root:...Data reorganizing complete
INFO:root:...MRC images reading complete
INFO:root:...Data reorganizing complete
INFO:root:...MRC images reading complete
INFO:root:...Data reorganizing complete
INFO:root:...MRC images reading complete
INFO:root:...Data reorganizing complete
INFO:root:...MRC images reading complete
INFO:root:...Data reorganizing complete
INFO:root:...MRC images reading complete
INFO:root:...Data reorganizing complete
INFO:root:...MRC images reading complete
INFO:root:...Data reorganizing complete
INFO:root:...MRC images reading complete
INFO:root:...Data reorganizing complete
INFO:root:...MRC images reading complete
INFO:root:...Data reorganizing complete
INFO:root:...MRC images reading complete
INFO:root:...Data reorganizing complete
INFO:root:...MRC images reading complete
INFO:root:...Data reorganizing complete
INFO:root:...MRC images reading complete
INFO:root:...Data reorganizing complete
INFO:root:...MRC images reading complete
INFO:root:...Data reorganizing complete
INFO:root:...MRC images reading complete
INFO:root:...Data reorganizing complete
INFO:root:...MRC images reading complete
INFO:root:...MRC images reading complete
INFO:root:...Data reorganizing complete
INFO:root:...MRC images reading complete
INFO:root:...Data reorganizing complete
INFO:root:...MRC images reading complete
INFO:root:...Data reorganizing complete
INFO:root:...MRC images reading complete
INFO:root:...Data reorganizing complete
INFO:root:...MRC images reading complete
INFO:root:...Data reorganizing complete
INFO:root:...MRC images reading complete
INFO:root:...Data reorganizing complete
INFO:root:... MRC images reading complete
INFO:root:... Data reorganizing complete
INFO:root:_total_train_batchN: 7
INFO:root:_validate_frequence: 7
INFO:root:... MRC images reading complete
INFO:root:... Data reorganizing complete
INFO:root:_total_train_batchN: 7
INFO:root:_validate_frequence: 7
INFO:root:... MRC images reading complete
INFO:root:... MRC images reading complete
INFO:root:... Data reorganizing complete
INFO:root:_total_train_batchN: 5
INFO:root:_validate_frequence: 5
INFO:root:... MRC images reading complete
INFO:root:... Data reorganizing complete
INFO:root:_total_train_batchN: 28
INFO:root:_validate_frequence: 28
INFO:root:... MRC images reading complete
INFO:root:... Data reorganizing complete
INFO:root:_total_train_batchN: 28
INFO:root:_validate_frequence: 28
INFO:root:... MRC images reading complete
INFO:root:... Data reorganizing complete
INFO:root:_total_train_batchN: 28
INFO:root:_validate_frequence: 28
INFO:root:... MRC images reading complete
INFO:root:... MRC images reading complete
INFO:root:... Data reorganizing complete
INFO:root:_total_train_batchN: 79
INFO:root:_validate_frequence: 79
INFO:root:... MRC images reading complete
INFO:root:... Data reorganizing complete
INFO:root:_total_train_batchN: 793
INFO:root:_validate_frequence: 793
INFO:root:... MRC images reading complete
INFO:root:... Data reorganizing complete
INFO:root:_total_train_batchN: 39
INFO:root:_validate_frequence: 39
